0 info it worked if it ends with ok
1 verbose cli [ 'C:\\Program Files\\nodejs\\node.exe',
1 verbose cli   'C:\\Program Files\\nodejs\\node_modules\\npm\\bin\\npm-cli.js',
1 verbose cli   'version',
1 verbose cli   'minor' ]
2 info using npm@2.15.0
3 info using node@v4.4.2
4 info git [ 'status', '--porcelain' ]
5 verbose stack Error: Git working directory not clean.
5 verbose stack M  .npmignore
5 verbose stack A  .stylintrc
5 verbose stack M  README.md
5 verbose stack M  gridus.styl
5 verbose stack D  gulpfile.js
5 verbose stack M  index.js
5 verbose stack A  lib/align.styl
5 verbose stack A  lib/cell.styl
5 verbose stack A  lib/column.styl
5 verbose stack D  lib/gridus.styl
5 verbose stack A  lib/gutter.styl
5 verbose stack D  lib/index.js
5 verbose stack A  lib/justify.styl
5 verbose stack A  lib/offset.styl
5 verbose stack A  lib/row.styl
5 verbose stack A  lib/variables.styl
5 verbose stack AD npm-debug.log
5 verbose stack M  package.json
5 verbose stack M  test/test.css
5 verbose stack M  test/test.styl
5 verbose stack     at C:\Program Files\nodejs\node_modules\npm\lib\version.js:171:21
5 verbose stack     at ChildProcess.exithandler (child_process.js:204:7)
5 verbose stack     at emitTwo (events.js:87:13)
5 verbose stack     at ChildProcess.emit (events.js:172:7)
5 verbose stack     at maybeClose (internal/child_process.js:827:16)
5 verbose stack     at Process.ChildProcess._handle.onexit (internal/child_process.js:211:5)
6 verbose cwd C:\Users\Santos\Documents\www\gridus
7 error Windows_NT 10.0.10586
8 error argv "C:\\Program Files\\nodejs\\node.exe" "C:\\Program Files\\nodejs\\node_modules\\npm\\bin\\npm-cli.js" "version" "minor"
9 error node v4.4.2
10 error npm  v2.15.0
11 error Git working directory not clean.
11 error M  .npmignore
11 error A  .stylintrc
11 error M  README.md
11 error M  gridus.styl
11 error D  gulpfile.js
11 error M  index.js
11 error A  lib/align.styl
11 error A  lib/cell.styl
11 error A  lib/column.styl
11 error D  lib/gridus.styl
11 error A  lib/gutter.styl
11 error D  lib/index.js
11 error A  lib/justify.styl
11 error A  lib/offset.styl
11 error A  lib/row.styl
11 error A  lib/variables.styl
11 error AD npm-debug.log
11 error M  package.json
11 error M  test/test.css
11 error M  test/test.styl
12 error If you need help, you may report this error at:
12 error     <https://github.com/npm/npm/issues>
13 verbose exit [ 1, true ]
